[21-May-2017 05:35:51 UTC] PHP Fatal error:  Class 'anda\core\widgets\cropimageupload\CropImageUploadBehavior' not found in /home/ubuntu/workspace/app/vendor/andatech/yii2-user/models/Profile.php on line 52
[21-May-2017 05:35:51 UTC] PHP Stack trace:
[21-May-2017 05:35:51 UTC] PHP   1. {main}() /home/ubuntu/workspace/app/frontend/web/index.php:0
[21-May-2017 05:35:51 UTC] PHP   2. yii\base\Application->run() /home/ubuntu/workspace/app/frontend/web/index.php:17
[21-May-2017 05:35:51 UTC] PHP   3. yii\web\Application->handleRequest() /home/ubuntu/workspace/app/vendor/yiisoft/yii2/base/Application.php:380
[21-May-2017 05:35:51 UTC] PHP   4. yii\base\Module->runAction() /home/ubuntu/workspace/app/vendor/yiisoft/yii2/web/Application.php:102
[21-May-2017 05:35:51 UTC] PHP   5. yii\base\Controller->runAction() /home/ubuntu/workspace/app/vendor/yiisoft/yii2/base/Module.php:523
[21-May-2017 05:35:51 UTC] PHP   6. yii\base\InlineAction->runWithParams() /home/ubuntu/workspace/app/vendor/yiisoft/yii2/base/Controller.php:156
[21-May-2017 05:35:51 UTC] PHP   7. call_user_func_array:{/home/ubuntu/workspace/app/vendor/yiisoft/yii2/base/InlineAction.php:57}() /home/ubuntu/workspace/app/vendor/yiisoft/yii2/base/InlineAction.php:57
[21-May-2017 05:35:51 UTC] PHP   8. anda\user\controllers\RegistController->actionSignup() /home/ubuntu/workspace/app/vendor/yiisoft/yii2/base/InlineAction.php:57
[21-May-2017 05:35:51 UTC] PHP   9. anda\user\models\SignupForm->signup() /home/ubuntu/workspace/app/vendor/andatech/yii2-user/controllers/RegistController.php:26
[21-May-2017 05:35:51 UTC] PHP  10. yii\db\BaseActiveRecord->save() /home/ubuntu/workspace/app/vendor/andatech/yii2-user/models/SignupForm.php:62
[21-May-2017 05:35:51 UTC] PHP  11. yii\db\ActiveRecord->insert() /home/ubuntu/workspace/app/vendor/yiisoft/yii2/db/BaseActiveRecord.php:635
[21-May-2017 05:35:51 UTC] PHP  12. yii\db\ActiveRecord->insertInternal() /home/ubuntu/workspace/app/vendor/yiisoft/yii2/db/ActiveRecord.php:461
[21-May-2017 05:35:51 UTC] PHP  13. anda\user\models\User->afterSave() /home/ubuntu/workspace/app/vendor/yiisoft/yii2/db/ActiveRecord.php:505
[21-May-2017 05:35:51 UTC] PHP  14. yii\base\Object->__construct() /home/ubuntu/workspace/app/vendor/andatech/yii2-user/models/User.php:241
[21-May-2017 05:35:51 UTC] PHP  15. anda\user\models\Profile->init() /home/ubuntu/workspace/app/vendor/yiisoft/yii2/base/Object.php:107
[21-May-2017 05:35:51 UTC] PHP  16. yii\db\BaseActiveRecord->init() /home/ubuntu/workspace/app/vendor/andatech/yii2-user/models/Profile.php:31
[21-May-2017 05:35:51 UTC] PHP  17. yii\base\Component->trigger() /home/ubuntu/workspace/app/vendor/yiisoft/yii2/db/BaseActiveRecord.php:890
[21-May-2017 05:35:51 UTC] PHP  18. yii\base\Component->ensureBehaviors() /home/ubuntu/workspace/app/vendor/yiisoft/yii2/base/Component.php:533
[21-May-2017 05:35:51 UTC] PHP  19. anda\user\models\Profile->behaviors() /home/ubuntu/workspace/app/vendor/yiisoft/yii2/base/Component.php:650
[21-May-2017 10:51:33 UTC] An Error occurred while handling another error:
exception 'ReflectionException' with message 'Method yii\widgets\BaseListView::yii\widgets\{closure}() does not exist' in /home/ubuntu/workspace/app/vendor/yiisoft/yii2/web/ErrorHandler.php:199
Stack trace:
#0 /home/ubuntu/workspace/app/vendor/yiisoft/yii2/web/ErrorHandler.php(199): ReflectionMethod->__construct('yii\widgets\Bas...', 'yii\widgets\{cl...')
#1 /home/ubuntu/workspace/app/vendor/yiisoft/yii2/views/errorHandler/callStackItem.php(26): yii\web\ErrorHandler->addTypeLinks('yii\widgets\Bas...')
#2 /home/ubuntu/workspace/app/vendor/yiisoft/yii2/base/View.php(328): require('/home/ubuntu/wo...')
#3 /home/ubuntu/workspace/app/vendor/yiisoft/yii2/base/View.php(250): yii\base\View->renderPhpFile('/home/ubuntu/wo...', Array)
#4 /home/ubuntu/workspace/app/vendor/yiisoft/yii2/web/ErrorHandler.php(253): yii\base\View->renderFile('@yii/views/erro...', Array, Object(yii\web\ErrorHandler))
#5 /home/ubuntu/workspace/app/vendor/yiisoft/yii2/web/ErrorHandler.php(308): yii\web\ErrorHandler->renderFile('@yii/views/erro...', Array)
#6 /home/ubuntu/workspace/app/vendor/yiisoft/yii2/views/errorHandler/exception.php(385): yii\web\ErrorHandler->renderCallStackItem(NULL, NULL, 'yii\widgets\Bas...', 'yii\widgets\{cl...', Array, 11)
#7 /home/ubuntu/workspace/app/vendor/yiisoft/yii2/base/View.php(328): require('/home/ubuntu/wo...')
#8 /home/ubuntu/workspace/app/vendor/yiisoft/yii2/base/View.php(250): yii\base\View->renderPhpFile('/home/ubuntu/wo...', Array)
#9 /home/ubuntu/workspace/app/vendor/yiisoft/yii2/web/ErrorHandler.php(253): yii\base\View->renderFile('@yii/views/erro...', Array, Object(yii\web\ErrorHandler))
#10 /home/ubuntu/workspace/app/vendor/yiisoft/yii2/web/ErrorHandler.php(114): yii\web\ErrorHandler->renderFile('@yii/views/erro...', Array)
#11 /home/ubuntu/workspace/app/vendor/yiisoft/yii2/base/ErrorHandler.php(111): yii\web\ErrorHandler->renderException(Object(yii\base\UnknownPropertyException))
#12 [internal function]: yii\base\ErrorHandler->handleException(Object(yii\base\UnknownPropertyException))
#13 {main}
Previous exception:
exception 'yii\base\UnknownPropertyException' with message 'Getting unknown property: yii\web\Application::fomatter' in /home/ubuntu/workspace/app/vendor/yiisoft/yii2/base/Component.php:147
Stack trace:
#0 /home/ubuntu/workspace/app/vendor/yiisoft/yii2/di/ServiceLocator.php(75): yii\base\Component->__get('fomatter')
#1 /home/ubuntu/workspace/app/frontend/views/site/_product-item.php(12): yii\di\ServiceLocator->__get('fomatter')
#2 /home/ubuntu/workspace/app/vendor/yiisoft/yii2/base/View.php(328): require('/home/ubuntu/wo...')
#3 /home/ubuntu/workspace/app/vendor/yiisoft/yii2/base/View.php(250): yii\base\View->renderPhpFile('/home/ubuntu/wo...', Array)
#4 /home/ubuntu/workspace/app/vendor/yiisoft/yii2/base/View.php(152): yii\base\View->renderFile('/home/ubuntu/wo...', Array, NULL)
#5 /home/ubuntu/workspace/app/vendor/yiisoft/yii2/widgets/ListView.php(191): yii\base\View->render('_product-item', Array)
#6 /home/ubuntu/workspace/app/vendor/yiisoft/yii2/widgets/ListView.php(124): yii\widgets\ListView->renderItem(Object(backend\models\Product), 1, 0)
#7 /home/ubuntu/workspace/app/vendor/yiisoft/yii2/widgets/BaseListView.php(155): yii\widgets\ListView->renderItems()
#8 /home/ubuntu/workspace/app/vendor/yiisoft/yii2/widgets/BaseListView.php(130): yii\widgets\BaseListView->renderSection('{items}')
#9 [internal function]: yii\widgets\BaseListView->yii\widgets\{closure}(Array)
#10 /home/ubuntu/workspace/app/vendor/yiisoft/yii2/widgets/BaseListView.php(133): preg_replace_callback('/{\w+}/', Object(Closure), '{summary}?{item...')
#11 /home/ubuntu/workspace/app/vendor/yiisoft/yii2/base/Widget.php(139): yii\widgets\BaseListView->run()
#12 /home/ubuntu/workspace/app/frontend/views/site/index.php(15): yii\base\Widget::widget(Array)
#13 /home/ubuntu/workspace/app/vendor/yiisoft/yii2/base/View.php(328): require('/home/ubuntu/wo...')
#14 /home/ubuntu/workspace/app/vendor/yiisoft/yii2/base/View.php(250): yii\base\View->renderPhpFile('/home/ubuntu/wo...', Array)
#15 /home/ubuntu/workspace/app/vendor/yiisoft/yii2/base/View.php(152): yii\base\View->renderFile('/home/ubuntu/wo...', Array, Object(frontend\controllers\SiteController))
#16 /home/ubuntu/workspace/app/vendor/yiisoft/yii2/base/Controller.php(381): yii\base\View->render('index', Array, Object(frontend\controllers\SiteController))
#17 /home/ubuntu/workspace/app/frontend/controllers/SiteController.php(84): yii\base\Controller->render('index', Array)
#18 [internal function]: frontend\controllers\SiteController->actionIndex()
#19 /home/ubuntu/workspace/app/vendor/yiisoft/yii2/base/InlineAction.php(57): call_user_func_array(Array, Array)
#20 /home/ubuntu/workspace/app/vendor/yiisoft/yii2/base/Controller.php(156): yii\base\InlineAction->runWithParams(Array)
#21 /home/ubuntu/workspace/app/vendor/yiisoft/yii2/base/Module.php(523): yii\base\Controller->runAction('', Array)
#22 /home/ubuntu/workspace/app/vendor/yiisoft/yii2/web/Application.php(102): yii\base\Module->runAction('', Array)
#23 /home/ubuntu/workspace/app/vendor/yiisoft/yii2/base/Application.php(380): yii\web\Application->handleRequest(Object(yii\web\Request))
#24 /home/ubuntu/workspace/app/frontend/web/index.php(17): yii\base\Application->run()
#25 {main}
$_SERVER = [
    'REDIRECT_STATUS' => '200',
    'HTTP_HOST' => 'yii2-ecomerce-sample-kuakling.c9users.io',
    'HTTP_CACHE_CONTROL' => 'max-age=0',
    'HTTP_UPGRADE_INSECURE_REQUESTS' => '1',
    'HTTP_USER_AGENT' => 'Mozilla/5.0 (Macintosh; Intel Mac OS X 10_12_5) AppleWebKit/537.36 (KHTML, like Gecko) Chrome/58.0.3029.110 Safari/537.36',
    'HTTP_ACCEPT' => 'text/html,application/xhtml+xml,application/xml;q=0.9,image/webp,*/*;q=0.8',
    'HTTP_ACCEPT_ENCODING' => 'gzip, deflate, sdch, br',
    'HTTP_ACCEPT_LANGUAGE' => 'th,en;q=0.8',
    'HTTP_COOKIE' => '_csrf-frontend=30ce1dcf5e6f6cd0fb65fc95ad099680ec684e9348dd3f8b2a2ca0b682c84c64a%3A2%3A%7Bi%3A0%3Bs%3A14%3A%22_csrf-frontend%22%3Bi%3A1%3Bs%3A32%3A%22mhVlrtm2wNzQ30Kg_gKPpZlE1dvEK1Mn%22%3B%7D; _csrf-backend=da6fde49a7913c5cf1738b8cf5f5a22826a95c771b4f81050dce9c9676f6a03da%3A2%3A%7Bi%3A0%3Bs%3A13%3A%22_csrf-backend%22%3Bi%3A1%3Bs%3A32%3A%22_gCg8Gyvc_AlKOVNytigUWAjgy4Ir0Cb%22%3B%7D; advanced-frontend=juhvqmc8ok6f0n1cou3j9m9jr1; _identity-frontend=227f409709fa39421af72fb2ade6e6c80bb0c7f60babad06c565b47eb0286491a%3A2%3A%7Bi%3A0%3Bs%3A18%3A%22_identity-frontend%22%3Bi%3A1%3Bs%3A46%3A%22%5B1%2C%224zDgeprzL2aeGTjVtMQjnP3yH1Bvd8GL%22%2C2592000%5D%22%3B%7D; advanced-backend=rb2qpp0ktj5lskcfd85uhgbcv4; XDEBUG_SESSION=cloud9ide; _identity-backend=1e52f245af982dfe9b77f66e91a61e8cbf197afbcb21faa0bed0481d572b9721a%3A2%3A%7Bi%3A0%3Bs%3A17%3A%22_identity-backend%22%3Bi%3A1%3Bs%3A46%3A%22%5B1%2C%224zDgeprzL2aeGTjVtMQjnP3yH1Bvd8GL%22%2C2592000%5D%22%3B%7D',
    'HTTP_X_FORWARDED_PROTO' => 'https',
    'HTTP_X_FORWARDED_PORT' => '443',
    'HTTP_X_REGION' => 'ae',
    'HTTP_X_FORWARDED_FOR' => '113.53.187.115',
    'HTTP_CONNECTION' => 'keep-alive',
    'PATH' => '/home/ubuntu/.nvm/versions/node/v4.7.3/bin:/usr/local/rvm/gems/ruby-2.3.0/bin:/usr/local/rvm/gems/ruby-2.3.0@global/bin:/usr/local/rvm/rubies/ruby-2.3.0/bin:/mnt/shared/bin:/home/ubuntu/workspace/node_modules/.bin:/home/ubuntu/bin:/usr/local/sbin:/usr/local/bin:/usr/sbin:/usr/bin:/sbin:/bin:/mnt/shared/sbin:/opt/gitl:/opt/go/bin:/mnt/shared/c9/app.nw/bin:/usr/local/rvm/bin',
    'LD_LIBRARY_PATH' => '~/.c9/local/lib',
    'SERVER_SIGNATURE' => '<address>Apache/2.4.7 (Ubuntu) Server at yii2-ecomerce-sample-kuakling.c9users.io Port 443</address>
',
    'SERVER_SOFTWARE' => 'Apache/2.4.7 (Ubuntu)',
    'SERVER_NAME' => 'yii2-ecomerce-sample-kuakling.c9users.io',
    'SERVER_ADDR' => '172.17.0.87',
    'SERVER_PORT' => '443',
    'REMOTE_ADDR' => '10.240.0.214',
    'DOCUMENT_ROOT' => '/home/ubuntu/workspace/app',
    'REQUEST_SCHEME' => 'https',
    'CONTEXT_PREFIX' => '',
    'CONTEXT_DOCUMENT_ROOT' => '/home/ubuntu/workspace/app',
    'SERVER_ADMIN' => '[no address given]',
    'SCRIPT_FILENAME' => '/home/ubuntu/workspace/app/frontend/web/index.php',
    'REMOTE_PORT' => '47538',
    'REDIRECT_URL' => '/',
    'GATEWAY_INTERFACE' => 'CGI/1.1',
    'SERVER_PROTOCOL' => 'HTTP/1.1',
    'REQUEST_METHOD' => 'GET',
    'QUERY_STRING' => '',
    'REQUEST_URI' => '/',
    'SCRIPT_NAME' => '/frontend/web/index.php',
    'PHP_SELF' => '/frontend/web/index.php',
    'REQUEST_TIME_FLOAT' => 1495363893.6909999847412109375,
    'REQUEST_TIME' => 1495363893,
]
[21-May-2017 10:51:50 UTC] An Error occurred while handling another error:
exception 'ReflectionException' with message 'Method yii\widgets\BaseListView::yii\widgets\{closure}() does not exist' in /home/ubuntu/workspace/app/vendor/yiisoft/yii2/web/ErrorHandler.php:199
Stack trace:
#0 /home/ubuntu/workspace/app/vendor/yiisoft/yii2/web/ErrorHandler.php(199): ReflectionMethod->__construct('yii\widgets\Bas...', 'yii\widgets\{cl...')
#1 /home/ubuntu/workspace/app/vendor/yiisoft/yii2/views/errorHandler/callStackItem.php(26): yii\web\ErrorHandler->addTypeLinks('yii\widgets\Bas...')
#2 /home/ubuntu/workspace/app/vendor/yiisoft/yii2/base/View.php(328): require('/home/ubuntu/wo...')
#3 /home/ubuntu/workspace/app/vendor/yiisoft/yii2/base/View.php(250): yii\base\View->renderPhpFile('/home/ubuntu/wo...', Array)
#4 /home/ubuntu/workspace/app/vendor/yiisoft/yii2/web/ErrorHandler.php(253): yii\base\View->renderFile('@yii/views/erro...', Array, Object(yii\web\ErrorHandler))
#5 /home/ubuntu/workspace/app/vendor/yiisoft/yii2/web/ErrorHandler.php(308): yii\web\ErrorHandler->renderFile('@yii/views/erro...', Array)
#6 /home/ubuntu/workspace/app/vendor/yiisoft/yii2/views/errorHandler/exception.php(385): yii\web\ErrorHandler->renderCallStackItem(NULL, NULL, 'yii\widgets\Bas...', 'yii\widgets\{cl...', Array, 11)
#7 /home/ubuntu/workspace/app/vendor/yiisoft/yii2/base/View.php(328): require('/home/ubuntu/wo...')
#8 /home/ubuntu/workspace/app/vendor/yiisoft/yii2/base/View.php(250): yii\base\View->renderPhpFile('/home/ubuntu/wo...', Array)
#9 /home/ubuntu/workspace/app/vendor/yiisoft/yii2/web/ErrorHandler.php(253): yii\base\View->renderFile('@yii/views/erro...', Array, Object(yii\web\ErrorHandler))
#10 /home/ubuntu/workspace/app/vendor/yiisoft/yii2/web/ErrorHandler.php(114): yii\web\ErrorHandler->renderFile('@yii/views/erro...', Array)
#11 /home/ubuntu/workspace/app/vendor/yiisoft/yii2/base/ErrorHandler.php(111): yii\web\ErrorHandler->renderException(Object(yii\base\UnknownPropertyException))
#12 [internal function]: yii\base\ErrorHandler->handleException(Object(yii\base\UnknownPropertyException))
#13 {main}
Previous exception:
exception 'yii\base\UnknownPropertyException' with message 'Getting unknown property: yii\web\Application::fomatter' in /home/ubuntu/workspace/app/vendor/yiisoft/yii2/base/Component.php:147
Stack trace:
#0 /home/ubuntu/workspace/app/vendor/yiisoft/yii2/di/ServiceLocator.php(75): yii\base\Component->__get('fomatter')
#1 /home/ubuntu/workspace/app/frontend/views/site/_product-item.php(12): yii\di\ServiceLocator->__get('fomatter')
#2 /home/ubuntu/workspace/app/vendor/yiisoft/yii2/base/View.php(328): require('/home/ubuntu/wo...')
#3 /home/ubuntu/workspace/app/vendor/yiisoft/yii2/base/View.php(250): yii\base\View->renderPhpFile('/home/ubuntu/wo...', Array)
#4 /home/ubuntu/workspace/app/vendor/yiisoft/yii2/base/View.php(152): yii\base\View->renderFile('/home/ubuntu/wo...', Array, NULL)
#5 /home/ubuntu/workspace/app/vendor/yiisoft/yii2/widgets/ListView.php(191): yii\base\View->render('_product-item', Array)
#6 /home/ubuntu/workspace/app/vendor/yiisoft/yii2/widgets/ListView.php(124): yii\widgets\ListView->renderItem(Object(backend\models\Product), 1, 0)
#7 /home/ubuntu/workspace/app/vendor/yiisoft/yii2/widgets/BaseListView.php(155): yii\widgets\ListView->renderItems()
#8 /home/ubuntu/workspace/app/vendor/yiisoft/yii2/widgets/BaseListView.php(130): yii\widgets\BaseListView->renderSection('{items}')
#9 [internal function]: yii\widgets\BaseListView->yii\widgets\{closure}(Array)
#10 /home/ubuntu/workspace/app/vendor/yiisoft/yii2/widgets/BaseListView.php(133): preg_replace_callback('/{\w+}/', Object(Closure), '{summary}?{item...')
#11 /home/ubuntu/workspace/app/vendor/yiisoft/yii2/base/Widget.php(139): yii\widgets\BaseListView->run()
#12 /home/ubuntu/workspace/app/frontend/views/site/index.php(15): yii\base\Widget::widget(Array)
#13 /home/ubuntu/workspace/app/vendor/yiisoft/yii2/base/View.php(328): require('/home/ubuntu/wo...')
#14 /home/ubuntu/workspace/app/vendor/yiisoft/yii2/base/View.php(250): yii\base\View->renderPhpFile('/home/ubuntu/wo...', Array)
#15 /home/ubuntu/workspace/app/vendor/yiisoft/yii2/base/View.php(152): yii\base\View->renderFile('/home/ubuntu/wo...', Array, Object(frontend\controllers\SiteController))
#16 /home/ubuntu/workspace/app/vendor/yiisoft/yii2/base/Controller.php(381): yii\base\View->render('index', Array, Object(frontend\controllers\SiteController))
#17 /home/ubuntu/workspace/app/frontend/controllers/SiteController.php(84): yii\base\Controller->render('index', Array)
#18 [internal function]: frontend\controllers\SiteController->actionIndex()
#19 /home/ubuntu/workspace/app/vendor/yiisoft/yii2/base/InlineAction.php(57): call_user_func_array(Array, Array)
#20 /home/ubuntu/workspace/app/vendor/yiisoft/yii2/base/Controller.php(156): yii\base\InlineAction->runWithParams(Array)
#21 /home/ubuntu/workspace/app/vendor/yiisoft/yii2/base/Module.php(523): yii\base\Controller->runAction('', Array)
#22 /home/ubuntu/workspace/app/vendor/yiisoft/yii2/web/Application.php(102): yii\base\Module->runAction('', Array)
#23 /home/ubuntu/workspace/app/vendor/yiisoft/yii2/base/Application.php(380): yii\web\Application->handleRequest(Object(yii\web\Request))
#24 /home/ubuntu/workspace/app/frontend/web/index.php(17): yii\base\Application->run()
#25 {main}
$_SERVER = [
    'REDIRECT_STATUS' => '200',
    'HTTP_HOST' => 'yii2-ecomerce-sample-kuakling.c9users.io',
    'HTTP_CACHE_CONTROL' => 'max-age=0',
    'HTTP_UPGRADE_INSECURE_REQUESTS' => '1',
    'HTTP_USER_AGENT' => 'Mozilla/5.0 (Macintosh; Intel Mac OS X 10_12_5) AppleWebKit/537.36 (KHTML, like Gecko) Chrome/58.0.3029.110 Safari/537.36',
    'HTTP_ACCEPT' => 'text/html,application/xhtml+xml,application/xml;q=0.9,image/webp,*/*;q=0.8',
    'HTTP_ACCEPT_ENCODING' => 'gzip, deflate, sdch, br',
    'HTTP_ACCEPT_LANGUAGE' => 'th,en;q=0.8',
    'HTTP_COOKIE' => '_csrf-frontend=30ce1dcf5e6f6cd0fb65fc95ad099680ec684e9348dd3f8b2a2ca0b682c84c64a%3A2%3A%7Bi%3A0%3Bs%3A14%3A%22_csrf-frontend%22%3Bi%3A1%3Bs%3A32%3A%22mhVlrtm2wNzQ30Kg_gKPpZlE1dvEK1Mn%22%3B%7D; _csrf-backend=da6fde49a7913c5cf1738b8cf5f5a22826a95c771b4f81050dce9c9676f6a03da%3A2%3A%7Bi%3A0%3Bs%3A13%3A%22_csrf-backend%22%3Bi%3A1%3Bs%3A32%3A%22_gCg8Gyvc_AlKOVNytigUWAjgy4Ir0Cb%22%3B%7D; advanced-frontend=juhvqmc8ok6f0n1cou3j9m9jr1; _identity-frontend=227f409709fa39421af72fb2ade6e6c80bb0c7f60babad06c565b47eb0286491a%3A2%3A%7Bi%3A0%3Bs%3A18%3A%22_identity-frontend%22%3Bi%3A1%3Bs%3A46%3A%22%5B1%2C%224zDgeprzL2aeGTjVtMQjnP3yH1Bvd8GL%22%2C2592000%5D%22%3B%7D; advanced-backend=rb2qpp0ktj5lskcfd85uhgbcv4; XDEBUG_SESSION=cloud9ide; _identity-backend=1e52f245af982dfe9b77f66e91a61e8cbf197afbcb21faa0bed0481d572b9721a%3A2%3A%7Bi%3A0%3Bs%3A17%3A%22_identity-backend%22%3Bi%3A1%3Bs%3A46%3A%22%5B1%2C%224zDgeprzL2aeGTjVtMQjnP3yH1Bvd8GL%22%2C2592000%5D%22%3B%7D',
    'HTTP_X_FORWARDED_PROTO' => 'https',
    'HTTP_X_FORWARDED_PORT' => '443',
    'HTTP_X_REGION' => 'ae',
    'HTTP_X_FORWARDED_FOR' => '113.53.187.115',
    'HTTP_CONNECTION' => 'keep-alive',
    'PATH' => '/home/ubuntu/.nvm/versions/node/v4.7.3/bin:/usr/local/rvm/gems/ruby-2.3.0/bin:/usr/local/rvm/gems/ruby-2.3.0@global/bin:/usr/local/rvm/rubies/ruby-2.3.0/bin:/mnt/shared/bin:/home/ubuntu/workspace/node_modules/.bin:/home/ubuntu/bin:/usr/local/sbin:/usr/local/bin:/usr/sbin:/usr/bin:/sbin:/bin:/mnt/shared/sbin:/opt/gitl:/opt/go/bin:/mnt/shared/c9/app.nw/bin:/usr/local/rvm/bin',
    'LD_LIBRARY_PATH' => '~/.c9/local/lib',
    'SERVER_SIGNATURE' => '<address>Apache/2.4.7 (Ubuntu) Server at yii2-ecomerce-sample-kuakling.c9users.io Port 443</address>
',
    'SERVER_SOFTWARE' => 'Apache/2.4.7 (Ubuntu)',
    'SERVER_NAME' => 'yii2-ecomerce-sample-kuakling.c9users.io',
    'SERVER_ADDR' => '172.17.0.87',
    'SERVER_PORT' => '443',
    'REMOTE_ADDR' => '10.240.1.12',
    'DOCUMENT_ROOT' => '/home/ubuntu/workspace/app',
    'REQUEST_SCHEME' => 'https',
    'CONTEXT_PREFIX' => '',
    'CONTEXT_DOCUMENT_ROOT' => '/home/ubuntu/workspace/app',
    'SERVER_ADMIN' => '[no address given]',
    'SCRIPT_FILENAME' => '/home/ubuntu/workspace/app/frontend/web/index.php',
    'REMOTE_PORT' => '48864',
    'REDIRECT_URL' => '/',
    'GATEWAY_INTERFACE' => 'CGI/1.1',
    'SERVER_PROTOCOL' => 'HTTP/1.1',
    'REQUEST_METHOD' => 'GET',
    'QUERY_STRING' => '',
    'REQUEST_URI' => '/',
    'SCRIPT_NAME' => '/frontend/web/index.php',
    'PHP_SELF' => '/frontend/web/index.php',
    'REQUEST_TIME_FLOAT' => 1495363910.9230000972747802734375,
    'REQUEST_TIME' => 1495363910,
]
[21-May-2017 11:23:26 UTC] An Error occurred while handling another error:
exception 'ReflectionException' with message 'Method yii\widgets\BaseListView::yii\widgets\{closure}() does not exist' in /home/ubuntu/workspace/app/vendor/yiisoft/yii2/web/ErrorHandler.php:199
Stack trace:
#0 /home/ubuntu/workspace/app/vendor/yiisoft/yii2/web/ErrorHandler.php(199): ReflectionMethod->__construct('yii\widgets\Bas...', 'yii\widgets\{cl...')
#1 /home/ubuntu/workspace/app/vendor/yiisoft/yii2/views/errorHandler/callStackItem.php(26): yii\web\ErrorHandler->addTypeLinks('yii\widgets\Bas...')
#2 /home/ubuntu/workspace/app/vendor/yiisoft/yii2/base/View.php(328): require('/home/ubuntu/wo...')
#3 /home/ubuntu/workspace/app/vendor/yiisoft/yii2/base/View.php(250): yii\base\View->renderPhpFile('/home/ubuntu/wo...', Array)
#4 /home/ubuntu/workspace/app/vendor/yiisoft/yii2/web/ErrorHandler.php(253): yii\base\View->renderFile('@yii/views/erro...', Array, Object(yii\web\ErrorHandler))
#5 /home/ubuntu/workspace/app/vendor/yiisoft/yii2/web/ErrorHandler.php(308): yii\web\ErrorHandler->renderFile('@yii/views/erro...', Array)
#6 /home/ubuntu/workspace/app/vendor/yiisoft/yii2/views/errorHandler/exception.php(385): yii\web\ErrorHandler->renderCallStackItem(NULL, NULL, 'yii\widgets\Bas...', 'yii\widgets\{cl...', Array, 7)
#7 /home/ubuntu/workspace/app/vendor/yiisoft/yii2/base/View.php(328): require('/home/ubuntu/wo...')
#8 /home/ubuntu/workspace/app/vendor/yiisoft/yii2/base/View.php(250): yii\base\View->renderPhpFile('/home/ubuntu/wo...', Array)
#9 /home/ubuntu/workspace/app/vendor/yiisoft/yii2/web/ErrorHandler.php(253): yii\base\View->renderFile('@yii/views/erro...', Array, Object(yii\web\ErrorHandler))
#10 /home/ubuntu/workspace/app/vendor/yiisoft/yii2/web/ErrorHandler.php(114): yii\web\ErrorHandler->renderFile('@yii/views/erro...', Array)
#11 /home/ubuntu/workspace/app/vendor/yiisoft/yii2/base/ErrorHandler.php(111): yii\web\ErrorHandler->renderException(Object(yii\base\ViewNotFoundException))
#12 [internal function]: yii\base\ErrorHandler->handleException(Object(yii\base\ViewNotFoundException))
#13 {main}
Previous exception:
exception 'yii\base\ViewNotFoundException' with message 'The view file does not exist: /home/ubuntu/workspace/app/frontend/views/site/product/_item.php' in /home/ubuntu/workspace/app/vendor/yiisoft/yii2/base/View.php:229
Stack trace:
#0 /home/ubuntu/workspace/app/vendor/yiisoft/yii2/base/View.php(152): yii\base\View->renderFile('/home/ubuntu/wo...', Array, NULL)
#1 /home/ubuntu/workspace/app/vendor/yiisoft/yii2/widgets/ListView.php(191): yii\base\View->render('product/_item', Array)
#2 /home/ubuntu/workspace/app/vendor/yiisoft/yii2/widgets/ListView.php(124): yii\widgets\ListView->renderItem(Object(backend\models\Product), 1, 0)
#3 /home/ubuntu/workspace/app/vendor/yiisoft/yii2/widgets/BaseListView.php(155): yii\widgets\ListView->renderItems()
#4 /home/ubuntu/workspace/app/vendor/yiisoft/yii2/widgets/BaseListView.php(130): yii\widgets\BaseListView->renderSection('{items}')
#5 [internal function]: yii\widgets\BaseListView->yii\widgets\{closure}(Array)
#6 /home/ubuntu/workspace/app/vendor/yiisoft/yii2/widgets/BaseListView.php(133): preg_replace_callback('/{\w+}/', Object(Closure), '{summary}?{item...')
#7 /home/ubuntu/workspace/app/vendor/yiisoft/yii2/base/Widget.php(139): yii\widgets\BaseListView->run()
#8 /home/ubuntu/workspace/app/frontend/views/site/index.php(15): yii\base\Widget::widget(Array)
#9 /home/ubuntu/workspace/app/vendor/yiisoft/yii2/base/View.php(328): require('/home/ubuntu/wo...')
#10 /home/ubuntu/workspace/app/vendor/yiisoft/yii2/base/View.php(250): yii\base\View->renderPhpFile('/home/ubuntu/wo...', Array)
#11 /home/ubuntu/workspace/app/vendor/yiisoft/yii2/base/View.php(152): yii\base\View->renderFile('/home/ubuntu/wo...', Array, Object(frontend\controllers\SiteController))
#12 /home/ubuntu/workspace/app/vendor/yiisoft/yii2/base/Controller.php(381): yii\base\View->render('index', Array, Object(frontend\controllers\SiteController))
#13 /home/ubuntu/workspace/app/frontend/controllers/SiteController.php(84): yii\base\Controller->render('index', Array)
#14 [internal function]: frontend\controllers\SiteController->actionIndex()
#15 /home/ubuntu/workspace/app/vendor/yiisoft/yii2/base/InlineAction.php(57): call_user_func_array(Array, Array)
#16 /home/ubuntu/workspace/app/vendor/yiisoft/yii2/base/Controller.php(156): yii\base\InlineAction->runWithParams(Array)
#17 /home/ubuntu/workspace/app/vendor/yiisoft/yii2/base/Module.php(523): yii\base\Controller->runAction('', Array)
#18 /home/ubuntu/workspace/app/vendor/yiisoft/yii2/web/Application.php(102): yii\base\Module->runAction('', Array)
#19 /home/ubuntu/workspace/app/vendor/yiisoft/yii2/base/Application.php(380): yii\web\Application->handleRequest(Object(yii\web\Request))
#20 /home/ubuntu/workspace/app/frontend/web/index.php(17): yii\base\Application->run()
#21 {main}
$_SERVER = [
    'REDIRECT_STATUS' => '200',
    'HTTP_HOST' => 'yii2-ecomerce-sample-kuakling.c9users.io',
    'HTTP_CACHE_CONTROL' => 'max-age=0',
    'HTTP_UPGRADE_INSECURE_REQUESTS' => '1',
    'HTTP_USER_AGENT' => 'Mozilla/5.0 (Macintosh; Intel Mac OS X 10_12_5) AppleWebKit/537.36 (KHTML, like Gecko) Chrome/58.0.3029.110 Safari/537.36',
    'HTTP_ACCEPT' => 'text/html,application/xhtml+xml,application/xml;q=0.9,image/webp,*/*;q=0.8',
    'HTTP_ACCEPT_ENCODING' => 'gzip, deflate, sdch, br',
    'HTTP_ACCEPT_LANGUAGE' => 'th,en;q=0.8',
    'HTTP_COOKIE' => '_csrf-frontend=30ce1dcf5e6f6cd0fb65fc95ad099680ec684e9348dd3f8b2a2ca0b682c84c64a%3A2%3A%7Bi%3A0%3Bs%3A14%3A%22_csrf-frontend%22%3Bi%3A1%3Bs%3A32%3A%22mhVlrtm2wNzQ30Kg_gKPpZlE1dvEK1Mn%22%3B%7D; _csrf-backend=da6fde49a7913c5cf1738b8cf5f5a22826a95c771b4f81050dce9c9676f6a03da%3A2%3A%7Bi%3A0%3Bs%3A13%3A%22_csrf-backend%22%3Bi%3A1%3Bs%3A32%3A%22_gCg8Gyvc_AlKOVNytigUWAjgy4Ir0Cb%22%3B%7D; advanced-frontend=juhvqmc8ok6f0n1cou3j9m9jr1; _identity-frontend=227f409709fa39421af72fb2ade6e6c80bb0c7f60babad06c565b47eb0286491a%3A2%3A%7Bi%3A0%3Bs%3A18%3A%22_identity-frontend%22%3Bi%3A1%3Bs%3A46%3A%22%5B1%2C%224zDgeprzL2aeGTjVtMQjnP3yH1Bvd8GL%22%2C2592000%5D%22%3B%7D; advanced-backend=rb2qpp0ktj5lskcfd85uhgbcv4; _identity-backend=1e52f245af982dfe9b77f66e91a61e8cbf197afbcb21faa0bed0481d572b9721a%3A2%3A%7Bi%3A0%3Bs%3A17%3A%22_identity-backend%22%3Bi%3A1%3Bs%3A46%3A%22%5B1%2C%224zDgeprzL2aeGTjVtMQjnP3yH1Bvd8GL%22%2C2592000%5D%22%3B%7D; XDEBUG_SESSION=cloud9ide',
    'HTTP_X_FORWARDED_PROTO' => 'https',
    'HTTP_X_FORWARDED_PORT' => '443',
    'HTTP_X_REGION' => 'ae',
    'HTTP_X_FORWARDED_FOR' => '113.53.187.115',
    'HTTP_CONNECTION' => 'keep-alive',
    'PATH' => '/home/ubuntu/.nvm/versions/node/v4.7.3/bin:/usr/local/rvm/gems/ruby-2.3.0/bin:/usr/local/rvm/gems/ruby-2.3.0@global/bin:/usr/local/rvm/rubies/ruby-2.3.0/bin:/mnt/shared/bin:/home/ubuntu/workspace/node_modules/.bin:/home/ubuntu/bin:/usr/local/sbin:/usr/local/bin:/usr/sbin:/usr/bin:/sbin:/bin:/mnt/shared/sbin:/opt/gitl:/opt/go/bin:/mnt/shared/c9/app.nw/bin:/usr/local/rvm/bin',
    'LD_LIBRARY_PATH' => '~/.c9/local/lib',
    'SERVER_SIGNATURE' => '<address>Apache/2.4.7 (Ubuntu) Server at yii2-ecomerce-sample-kuakling.c9users.io Port 443</address>
',
    'SERVER_SOFTWARE' => 'Apache/2.4.7 (Ubuntu)',
    'SERVER_NAME' => 'yii2-ecomerce-sample-kuakling.c9users.io',
    'SERVER_ADDR' => '172.17.0.87',
    'SERVER_PORT' => '443',
    'REMOTE_ADDR' => '10.240.1.30',
    'DOCUMENT_ROOT' => '/home/ubuntu/workspace/app',
    'REQUEST_SCHEME' => 'https',
    'CONTEXT_PREFIX' => '',
    'CONTEXT_DOCUMENT_ROOT' => '/home/ubuntu/workspace/app',
    'SERVER_ADMIN' => '[no address given]',
    'SCRIPT_FILENAME' => '/home/ubuntu/workspace/app/frontend/web/index.php',
    'REMOTE_PORT' => '60794',
    'REDIRECT_URL' => '/',
    'GATEWAY_INTERFACE' => 'CGI/1.1',
    'SERVER_PROTOCOL' => 'HTTP/1.1',
    'REQUEST_METHOD' => 'GET',
    'QUERY_STRING' => '',
    'REQUEST_URI' => '/',
    'SCRIPT_NAME' => '/frontend/web/index.php',
    'PHP_SELF' => '/frontend/web/index.php',
    'REQUEST_TIME_FLOAT' => 1495365806.270999908447265625,
    'REQUEST_TIME' => 1495365806,
]
[24-May-2017 01:58:17 UTC] An Error occurred while handling another error:
exception 'ReflectionException' with message 'Method yii\web\Application::session() does not exist' in /home/ubuntu/workspace/app/vendor/yiisoft/yii2/web/ErrorHandler.php:199
Stack trace:
#0 /home/ubuntu/workspace/app/vendor/yiisoft/yii2/web/ErrorHandler.php(199): ReflectionMethod->__construct('yii\web\Applica...', 'session')
#1 /home/ubuntu/workspace/app/vendor/yiisoft/yii2/views/errorHandler/callStackItem.php(26): yii\web\ErrorHandler->addTypeLinks('yii\web\Applica...')
#2 /home/ubuntu/workspace/app/vendor/yiisoft/yii2/base/View.php(328): require('/home/ubuntu/wo...')
#3 /home/ubuntu/workspace/app/vendor/yiisoft/yii2/base/View.php(250): yii\base\View->renderPhpFile('/home/ubuntu/wo...', Array)
#4 /home/ubuntu/workspace/app/vendor/yiisoft/yii2/web/ErrorHandler.php(253): yii\base\View->renderFile('@yii/views/erro...', Array, Object(yii\web\ErrorHandler))
#5 /home/ubuntu/workspace/app/vendor/yiisoft/yii2/web/ErrorHandler.php(308): yii\web\ErrorHandler->renderFile('@yii/views/erro...', Array)
#6 /home/ubuntu/workspace/app/vendor/yiisoft/yii2/views/errorHandler/exception.php(385): yii\web\ErrorHandler->renderCallStackItem('/home/ubuntu/wo...', 34, 'yii\web\Applica...', 'session', Array, 3)
#7 /home/ubuntu/workspace/app/vendor/yiisoft/yii2/base/View.php(328): require('/home/ubuntu/wo...')
#8 /home/ubuntu/workspace/app/vendor/yiisoft/yii2/base/View.php(250): yii\base\View->renderPhpFile('/home/ubuntu/wo...', Array)
#9 /home/ubuntu/workspace/app/vendor/yiisoft/yii2/web/ErrorHandler.php(253): yii\base\View->renderFile('@yii/views/erro...', Array, Object(yii\web\ErrorHandler))
#10 /home/ubuntu/workspace/app/vendor/yiisoft/yii2/web/ErrorHandler.php(114): yii\web\ErrorHandler->renderFile('@yii/views/erro...', Array)
#11 /home/ubuntu/workspace/app/vendor/yiisoft/yii2/base/ErrorHandler.php(111): yii\web\ErrorHandler->renderException(Object(yii\base\UnknownMethodException))
#12 [internal function]: yii\base\ErrorHandler->handleException(Object(yii\base\UnknownMethodException))
#13 {main}
Previous exception:
exception 'yii\base\UnknownMethodException' with message 'Calling unknown method: yii\web\Application::session()' in /home/ubuntu/workspace/app/vendor/yiisoft/yii2/base/Component.php:290
Stack trace:
#0 /home/ubuntu/workspace/app/frontend/controllers/CartController.php(34): yii\base\Component->__call('session', Array)
#1 /home/ubuntu/workspace/app/frontend/controllers/CartController.php(34): yii\web\Application->session()
#2 [internal function]: frontend\controllers\CartController->actionAdd('1')
#3 /home/ubuntu/workspace/app/vendor/yiisoft/yii2/base/InlineAction.php(57): call_user_func_array(Array, Array)
#4 /home/ubuntu/workspace/app/vendor/yiisoft/yii2/base/Controller.php(156): yii\base\InlineAction->runWithParams(Array)
#5 /home/ubuntu/workspace/app/vendor/yiisoft/yii2/base/Module.php(523): yii\base\Controller->runAction('add', Array)
#6 /home/ubuntu/workspace/app/vendor/yiisoft/yii2/web/Application.php(102): yii\base\Module->runAction('cart/add', Array)
#7 /home/ubuntu/workspace/app/vendor/yiisoft/yii2/base/Application.php(380): yii\web\Application->handleRequest(Object(yii\web\Request))
#8 /home/ubuntu/workspace/app/frontend/web/index.php(17): yii\base\Application->run()
#9 {main}
$_SERVER = [
    'REDIRECT_REDIRECT_STATUS' => '200',
    'REDIRECT_STATUS' => '200',
    'HTTP_HOST' => 'yii2-ecomerce-sample-kuakling.c9users.io',
    'HTTP_UPGRADE_INSECURE_REQUESTS' => '1',
    'HTTP_USER_AGENT' => 'Mozilla/5.0 (Windows NT 10.0; Win64; x64) AppleWebKit/537.36 (KHTML, like Gecko) Chrome/54.0.2840.99 Safari/537.36',
    'HTTP_ACCEPT' => 'text/html,application/xhtml+xml,application/xml;q=0.9,image/webp,*/*;q=0.8',
    'HTTP_REFERER' => 'https://yii2-ecomerce-sample-kuakling.c9users.io/product/view?id=1',
    'HTTP_ACCEPT_ENCODING' => 'gzip, deflate, sdch, br',
    'HTTP_ACCEPT_LANGUAGE' => 'en-US,en;q=0.8,th;q=0.6',
    'HTTP_COOKIE' => 'XDEBUG_SESSION=cloud9ide; _csrf-frontend=2b74d3db0eef79f1808b1a7e63b457daa1424a404fc38104dca456a2204ba0f1a%3A2%3A%7Bi%3A0%3Bs%3A14%3A%22_csrf-frontend%22%3Bi%3A1%3Bs%3A32%3A%22T1J5RNJZTOtHT2QHASTOqDN_1UnsLO0r%22%3B%7D',
    'HTTP_X_FORWARDED_PROTO' => 'https',
    'HTTP_X_FORWARDED_PORT' => '443',
    'HTTP_X_REGION' => 'ae',
    'HTTP_X_FORWARDED_FOR' => '202.29.32.72',
    'HTTP_CONNECTION' => 'keep-alive',
    'PATH' => '/home/ubuntu/.nvm/versions/node/v4.7.3/bin:/usr/local/rvm/gems/ruby-2.3.0/bin:/usr/local/rvm/gems/ruby-2.3.0@global/bin:/usr/local/rvm/rubies/ruby-2.3.0/bin:/mnt/shared/bin:/home/ubuntu/workspace/node_modules/.bin:/home/ubuntu/bin:/usr/local/sbin:/usr/local/bin:/usr/sbin:/usr/bin:/sbin:/bin:/mnt/shared/sbin:/opt/gitl:/opt/go/bin:/mnt/shared/c9/app.nw/bin:/usr/local/rvm/bin',
    'LD_LIBRARY_PATH' => '~/.c9/local/lib',
    'SERVER_SIGNATURE' => '<address>Apache/2.4.7 (Ubuntu) Server at yii2-ecomerce-sample-kuakling.c9users.io Port 443</address>
',
    'SERVER_SOFTWARE' => 'Apache/2.4.7 (Ubuntu)',
    'SERVER_NAME' => 'yii2-ecomerce-sample-kuakling.c9users.io',
    'SERVER_ADDR' => '172.17.0.213',
    'SERVER_PORT' => '443',
    'REMOTE_ADDR' => '10.240.1.16',
    'DOCUMENT_ROOT' => '/home/ubuntu/workspace/app',
    'REQUEST_SCHEME' => 'https',
    'CONTEXT_PREFIX' => '',
    'CONTEXT_DOCUMENT_ROOT' => '/home/ubuntu/workspace/app',
    'SERVER_ADMIN' => '[no address given]',
    'SCRIPT_FILENAME' => '/home/ubuntu/workspace/app/frontend/web/index.php',
    'REMOTE_PORT' => '49064',
    'REDIRECT_QUERY_STRING' => 'id=1',
    'REDIRECT_URL' => '/frontend/web/cart/add',
    'GATEWAY_INTERFACE' => 'CGI/1.1',
    'SERVER_PROTOCOL' => 'HTTP/1.1',
    'REQUEST_METHOD' => 'GET',
    'QUERY_STRING' => 'id=1',
    'REQUEST_URI' => '/cart/add?id=1',
    'SCRIPT_NAME' => '/frontend/web/index.php',
    'PHP_SELF' => '/frontend/web/index.php',
    'REQUEST_TIME_FLOAT' => 1495591097.4119999408721923828125,
    'REQUEST_TIME' => 1495591097,
]
[24-May-2017 02:02:01 UTC] PHP Fatal error:  Cannot use isset() on the result of a function call (you can use "null !== func()" instead) in /home/ubuntu/workspace/app/frontend/controllers/CartController.php on line 37
[24-May-2017 02:02:02 UTC] PHP Stack trace:
[24-May-2017 02:02:02 UTC] PHP   1. {main}() /home/ubuntu/workspace/app/frontend/web/index.php:0
[24-May-2017 02:02:02 UTC] PHP   2. yii\base\Application->run() /home/ubuntu/workspace/app/frontend/web/index.php:17
[24-May-2017 02:02:02 UTC] PHP   3. yii\web\Application->handleRequest() /home/ubuntu/workspace/app/vendor/yiisoft/yii2/base/Application.php:380
[24-May-2017 02:02:02 UTC] PHP   4. yii\base\Module->runAction() /home/ubuntu/workspace/app/vendor/yiisoft/yii2/web/Application.php:102
[24-May-2017 02:02:02 UTC] PHP   5. yii\base\Module->createController() /home/ubuntu/workspace/app/vendor/yiisoft/yii2/base/Module.php:517
[24-May-2017 02:02:02 UTC] PHP   6. yii\base\Module->createControllerByID() /home/ubuntu/workspace/app/vendor/yiisoft/yii2/base/Module.php:591
[24-May-2017 02:02:02 UTC] PHP   7. class_exists() /home/ubuntu/workspace/app/vendor/yiisoft/yii2/base/Module.php:633
[24-May-2017 02:02:02 UTC] PHP   8. spl_autoload_call() /home/ubuntu/workspace/app/vendor/yiisoft/yii2/base/Module.php:633
[24-May-2017 02:02:02 UTC] PHP   9. yii\BaseYii::autoload() /home/ubuntu/workspace/app/vendor/yiisoft/yii2/base/Module.php:633
[24-May-2017 02:02:44 UTC] PHP Fatal error:  Call to undefined method frontend\models\Product::findModel() in /home/ubuntu/workspace/app/frontend/controllers/CartController.php on line 35
[24-May-2017 02:02:44 UTC] PHP Stack trace:
[24-May-2017 02:02:44 UTC] PHP   1. {main}() /home/ubuntu/workspace/app/frontend/web/index.php:0
[24-May-2017 02:02:44 UTC] PHP   2. yii\base\Application->run() /home/ubuntu/workspace/app/frontend/web/index.php:17
[24-May-2017 02:02:44 UTC] PHP   3. yii\web\Application->handleRequest() /home/ubuntu/workspace/app/vendor/yiisoft/yii2/base/Application.php:380
[24-May-2017 02:02:44 UTC] PHP   4. yii\base\Module->runAction() /home/ubuntu/workspace/app/vendor/yiisoft/yii2/web/Application.php:102
[24-May-2017 02:02:44 UTC] PHP   5. yii\base\Controller->runAction() /home/ubuntu/workspace/app/vendor/yiisoft/yii2/base/Module.php:523
[24-May-2017 02:02:44 UTC] PHP   6. yii\base\InlineAction->runWithParams() /home/ubuntu/workspace/app/vendor/yiisoft/yii2/base/Controller.php:156
[24-May-2017 02:02:44 UTC] PHP   7. call_user_func_array:{/home/ubuntu/workspace/app/vendor/yiisoft/yii2/base/InlineAction.php:57}() /home/ubuntu/workspace/app/vendor/yiisoft/yii2/base/InlineAction.php:57
[24-May-2017 02:02:44 UTC] PHP   8. frontend\controllers\CartController->actionAdd() /home/ubuntu/workspace/app/vendor/yiisoft/yii2/base/InlineAction.php:57
[24-May-2017 02:11:18 UTC] PHP Parse error:  syntax error, unexpected '{' in /home/ubuntu/workspace/app/frontend/controllers/CartController.php on line 47
[24-May-2017 02:11:18 UTC] PHP Stack trace:
[24-May-2017 02:11:18 UTC] PHP   1. {main}() /home/ubuntu/workspace/app/frontend/web/index.php:0
[24-May-2017 02:11:18 UTC] PHP   2. yii\base\Application->run() /home/ubuntu/workspace/app/frontend/web/index.php:17
[24-May-2017 02:11:18 UTC] PHP   3. yii\web\Application->handleRequest() /home/ubuntu/workspace/app/vendor/yiisoft/yii2/base/Application.php:380
[24-May-2017 02:11:18 UTC] PHP   4. yii\base\Module->runAction() /home/ubuntu/workspace/app/vendor/yiisoft/yii2/web/Application.php:102
[24-May-2017 02:11:18 UTC] PHP   5. yii\base\Module->createController() /home/ubuntu/workspace/app/vendor/yiisoft/yii2/base/Module.php:517
[24-May-2017 02:11:18 UTC] PHP   6. yii\base\Module->createControllerByID() /home/ubuntu/workspace/app/vendor/yiisoft/yii2/base/Module.php:591
[24-May-2017 02:11:18 UTC] PHP   7. class_exists() /home/ubuntu/workspace/app/vendor/yiisoft/yii2/base/Module.php:633
[24-May-2017 02:11:18 UTC] PHP   8. spl_autoload_call() /home/ubuntu/workspace/app/vendor/yiisoft/yii2/base/Module.php:633
[24-May-2017 02:11:18 UTC] PHP   9. yii\BaseYii::autoload() /home/ubuntu/workspace/app/vendor/yiisoft/yii2/base/Module.php:633
[24-May-2017 04:42:11 UTC] PHP Fatal error:  Call to a member function save() on a non-object in /home/ubuntu/workspace/app/frontend/controllers/CartController.php on line 128
[24-May-2017 04:42:11 UTC] PHP Stack trace:
[24-May-2017 04:42:11 UTC] PHP   1. {main}() /home/ubuntu/workspace/app/frontend/web/index.php:0
[24-May-2017 04:42:11 UTC] PHP   2. yii\base\Application->run() /home/ubuntu/workspace/app/frontend/web/index.php:17
[24-May-2017 04:42:11 UTC] PHP   3. yii\web\Application->handleRequest() /home/ubuntu/workspace/app/vendor/yiisoft/yii2/base/Application.php:380
[24-May-2017 04:42:11 UTC] PHP   4. yii\base\Module->runAction() /home/ubuntu/workspace/app/vendor/yiisoft/yii2/web/Application.php:102
[24-May-2017 04:42:11 UTC] PHP   5. yii\base\Controller->runAction() /home/ubuntu/workspace/app/vendor/yiisoft/yii2/base/Module.php:523
[24-May-2017 04:42:11 UTC] PHP   6. yii\base\InlineAction->runWithParams() /home/ubuntu/workspace/app/vendor/yiisoft/yii2/base/Controller.php:156
[24-May-2017 04:42:11 UTC] PHP   7. call_user_func_array:{/home/ubuntu/workspace/app/vendor/yiisoft/yii2/base/InlineAction.php:57}() /home/ubuntu/workspace/app/vendor/yiisoft/yii2/base/InlineAction.php:57
[24-May-2017 04:42:11 UTC] PHP   8. frontend\controllers\CartController->actionCheckout() /home/ubuntu/workspace/app/vendor/yiisoft/yii2/base/InlineAction.php:57
[24-May-2017 04:59:54 UTC] PHP Fatal error:  Class 'ArrayHelper' not found in /home/ubuntu/workspace/app/frontend/views/layouts/main.php on line 45
[24-May-2017 04:59:54 UTC] PHP Stack trace:
[24-May-2017 04:59:54 UTC] PHP   1. {main}() /home/ubuntu/workspace/app/frontend/web/index.php:0
[24-May-2017 04:59:54 UTC] PHP   2. yii\base\Application->run() /home/ubuntu/workspace/app/frontend/web/index.php:17
[24-May-2017 04:59:54 UTC] PHP   3. yii\web\Application->handleRequest() /home/ubuntu/workspace/app/vendor/yiisoft/yii2/base/Application.php:380
[24-May-2017 04:59:54 UTC] PHP   4. yii\base\Module->runAction() /home/ubuntu/workspace/app/vendor/yiisoft/yii2/web/Application.php:102
[24-May-2017 04:59:54 UTC] PHP   5. yii\base\Controller->runAction() /home/ubuntu/workspace/app/vendor/yiisoft/yii2/base/Module.php:523
[24-May-2017 04:59:54 UTC] PHP   6. yii\base\InlineAction->runWithParams() /home/ubuntu/workspace/app/vendor/yiisoft/yii2/base/Controller.php:156
[24-May-2017 04:59:54 UTC] PHP   7. call_user_func_array:{/home/ubuntu/workspace/app/vendor/yiisoft/yii2/base/InlineAction.php:57}() /home/ubuntu/workspace/app/vendor/yiisoft/yii2/base/InlineAction.php:57
[24-May-2017 04:59:54 UTC] PHP   8. frontend\controllers\SiteController->actionIndex() /home/ubuntu/workspace/app/vendor/yiisoft/yii2/base/InlineAction.php:57
[24-May-2017 04:59:54 UTC] PHP   9. yii\base\Controller->render() /home/ubuntu/workspace/app/frontend/controllers/SiteController.php:84
[24-May-2017 04:59:54 UTC] PHP  10. yii\base\Controller->renderContent() /home/ubuntu/workspace/app/vendor/yiisoft/yii2/base/Controller.php:382
[24-May-2017 04:59:54 UTC] PHP  11. yii\base\View->renderFile() /home/ubuntu/workspace/app/vendor/yiisoft/yii2/base/Controller.php:396
[24-May-2017 04:59:54 UTC] PHP  12. yii\base\View->renderPhpFile() /home/ubuntu/workspace/app/vendor/yiisoft/yii2/base/View.php:250
[24-May-2017 04:59:54 UTC] PHP  13. require() /home/ubuntu/workspace/app/vendor/yiisoft/yii2/base/View.php:328
[24-May-2017 05:17:17 UTC] PHP Parse error:  syntax error, unexpected 'endif' (T_ENDIF) in /home/ubuntu/workspace/app/frontend/views/layouts/main.php on line 253
[24-May-2017 05:17:17 UTC] PHP Stack trace:
[24-May-2017 05:17:17 UTC] PHP   1. {main}() /home/ubuntu/workspace/app/frontend/web/index.php:0
[24-May-2017 05:17:17 UTC] PHP   2. yii\base\Application->run() /home/ubuntu/workspace/app/frontend/web/index.php:17
[24-May-2017 05:17:17 UTC] PHP   3. yii\web\Application->handleRequest() /home/ubuntu/workspace/app/vendor/yiisoft/yii2/base/Application.php:380
[24-May-2017 05:17:17 UTC] PHP   4. yii\base\Module->runAction() /home/ubuntu/workspace/app/vendor/yiisoft/yii2/web/Application.php:102
[24-May-2017 05:17:17 UTC] PHP   5. yii\base\Controller->runAction() /home/ubuntu/workspace/app/vendor/yiisoft/yii2/base/Module.php:523
[24-May-2017 05:17:17 UTC] PHP   6. yii\base\InlineAction->runWithParams() /home/ubuntu/workspace/app/vendor/yiisoft/yii2/base/Controller.php:156
[24-May-2017 05:17:17 UTC] PHP   7. call_user_func_array:{/home/ubuntu/workspace/app/vendor/yiisoft/yii2/base/InlineAction.php:57}() /home/ubuntu/workspace/app/vendor/yiisoft/yii2/base/InlineAction.php:57
[24-May-2017 05:17:17 UTC] PHP   8. frontend\controllers\SiteController->actionIndex() /home/ubuntu/workspace/app/vendor/yiisoft/yii2/base/InlineAction.php:57
[24-May-2017 05:17:17 UTC] PHP   9. yii\base\Controller->render() /home/ubuntu/workspace/app/frontend/controllers/SiteController.php:84
[24-May-2017 05:17:17 UTC] PHP  10. yii\base\Controller->renderContent() /home/ubuntu/workspace/app/vendor/yiisoft/yii2/base/Controller.php:382
[24-May-2017 05:17:17 UTC] PHP  11. yii\base\View->renderFile() /home/ubuntu/workspace/app/vendor/yiisoft/yii2/base/Controller.php:396
[24-May-2017 05:17:17 UTC] PHP  12. yii\base\View->renderPhpFile() /home/ubuntu/workspace/app/vendor/yiisoft/yii2/base/View.php:250
[24-May-2017 06:51:07 UTC] PHP Fatal error:  Class 'frontend\models\OrderItems' not found in /home/ubuntu/workspace/app/frontend/models/Cart.php on line 70
[24-May-2017 06:51:07 UTC] PHP Stack trace:
[24-May-2017 06:51:07 UTC] PHP   1. {main}() /home/ubuntu/workspace/app/frontend/web/index.php:0
[24-May-2017 06:51:07 UTC] PHP   2. yii\base\Application->run() /home/ubuntu/workspace/app/frontend/web/index.php:17
[24-May-2017 06:51:07 UTC] PHP   3. yii\web\Application->handleRequest() /home/ubuntu/workspace/app/vendor/yiisoft/yii2/base/Application.php:380
[24-May-2017 06:51:07 UTC] PHP   4. yii\base\Module->runAction() /home/ubuntu/workspace/app/vendor/yiisoft/yii2/web/Application.php:102
[24-May-2017 06:51:07 UTC] PHP   5. yii\base\Controller->runAction() /home/ubuntu/workspace/app/vendor/yiisoft/yii2/base/Module.php:523
[24-May-2017 06:51:07 UTC] PHP   6. yii\base\InlineAction->runWithParams() /home/ubuntu/workspace/app/vendor/yiisoft/yii2/base/Controller.php:156
[24-May-2017 06:51:07 UTC] PHP   7. call_user_func_array:{/home/ubuntu/workspace/app/vendor/yiisoft/yii2/base/InlineAction.php:57}() /home/ubuntu/workspace/app/vendor/yiisoft/yii2/base/InlineAction.php:57
[24-May-2017 06:51:07 UTC] PHP   8. frontend\controllers\CartController->actionHistoryView() /home/ubuntu/workspace/app/vendor/yiisoft/yii2/base/InlineAction.php:57
[24-May-2017 06:51:07 UTC] PHP   9. yii\base\Controller->render() /home/ubuntu/workspace/app/frontend/controllers/CartController.php:172
[24-May-2017 06:51:07 UTC] PHP  10. yii\base\View->render() /home/ubuntu/workspace/app/vendor/yiisoft/yii2/base/Controller.php:381
[24-May-2017 06:51:07 UTC] PHP  11. yii\base\View->renderFile() /home/ubuntu/workspace/app/vendor/yiisoft/yii2/base/View.php:152
[24-May-2017 06:51:07 UTC] PHP  12. yii\base\View->renderPhpFile() /home/ubuntu/workspace/app/vendor/yiisoft/yii2/base/View.php:250
[24-May-2017 06:51:07 UTC] PHP  13. require() /home/ubuntu/workspace/app/vendor/yiisoft/yii2/base/View.php:328
[24-May-2017 06:51:07 UTC] PHP  14. yii\db\BaseActiveRecord->__get() /home/ubuntu/workspace/app/vendor/yiisoft/yii2/base/View.php:1
[24-May-2017 06:51:07 UTC] PHP  15. yii\base\Component->__get() /home/ubuntu/workspace/app/vendor/yiisoft/yii2/db/BaseActiveRecord.php:286
[24-May-2017 06:51:07 UTC] PHP  16. frontend\models\Cart->getItems() /home/ubuntu/workspace/app/vendor/yiisoft/yii2/base/Component.php:132
[24-May-2017 07:00:25 UTC] PHP Fatal error:  Class 'Product' not found in /home/ubuntu/workspace/app/frontend/views/cart/history-view.php on line 32
[24-May-2017 07:00:25 UTC] PHP Stack trace:
[24-May-2017 07:00:25 UTC] PHP   1. {main}() /home/ubuntu/workspace/app/frontend/web/index.php:0
[24-May-2017 07:00:25 UTC] PHP   2. yii\base\Application->run() /home/ubuntu/workspace/app/frontend/web/index.php:17
[24-May-2017 07:00:25 UTC] PHP   3. yii\web\Application->handleRequest() /home/ubuntu/workspace/app/vendor/yiisoft/yii2/base/Application.php:380
[24-May-2017 07:00:25 UTC] PHP   4. yii\base\Module->runAction() /home/ubuntu/workspace/app/vendor/yiisoft/yii2/web/Application.php:102
[24-May-2017 07:00:25 UTC] PHP   5. yii\base\Controller->runAction() /home/ubuntu/workspace/app/vendor/yiisoft/yii2/base/Module.php:523
[24-May-2017 07:00:25 UTC] PHP   6. yii\base\InlineAction->runWithParams() /home/ubuntu/workspace/app/vendor/yiisoft/yii2/base/Controller.php:156
[24-May-2017 07:00:25 UTC] PHP   7. call_user_func_array:{/home/ubuntu/workspace/app/vendor/yiisoft/yii2/base/InlineAction.php:57}() /home/ubuntu/workspace/app/vendor/yiisoft/yii2/base/InlineAction.php:57
[24-May-2017 07:00:25 UTC] PHP   8. frontend\controllers\CartController->actionHistoryView() /home/ubuntu/workspace/app/vendor/yiisoft/yii2/base/InlineAction.php:57
[24-May-2017 07:00:25 UTC] PHP   9. yii\base\Controller->render() /home/ubuntu/workspace/app/frontend/controllers/CartController.php:172
[24-May-2017 07:00:25 UTC] PHP  10. yii\base\View->render() /home/ubuntu/workspace/app/vendor/yiisoft/yii2/base/Controller.php:381
[24-May-2017 07:00:25 UTC] PHP  11. yii\base\View->renderFile() /home/ubuntu/workspace/app/vendor/yiisoft/yii2/base/View.php:152
[24-May-2017 07:00:25 UTC] PHP  12. yii\base\View->renderPhpFile() /home/ubuntu/workspace/app/vendor/yiisoft/yii2/base/View.php:250
[24-May-2017 07:00:25 UTC] PHP  13. require() /home/ubuntu/workspace/app/vendor/yiisoft/yii2/base/View.php:328
[24-May-2017 09:25:06 UTC] PHP Fatal error:  Class 'Cart' not found in /home/ubuntu/workspace/app/frontend/views/cart/history.php on line 31
[24-May-2017 09:25:06 UTC] PHP Stack trace:
[24-May-2017 09:25:06 UTC] PHP   1. {main}() /home/ubuntu/workspace/app/frontend/web/index.php:0
[24-May-2017 09:25:06 UTC] PHP   2. yii\base\Application->run() /home/ubuntu/workspace/app/frontend/web/index.php:17
[24-May-2017 09:25:06 UTC] PHP   3. yii\web\Application->handleRequest() /home/ubuntu/workspace/app/vendor/yiisoft/yii2/base/Application.php:380
[24-May-2017 09:25:06 UTC] PHP   4. yii\base\Module->runAction() /home/ubuntu/workspace/app/vendor/yiisoft/yii2/web/Application.php:102
[24-May-2017 09:25:06 UTC] PHP   5. yii\base\Controller->runAction() /home/ubuntu/workspace/app/vendor/yiisoft/yii2/base/Module.php:523
[24-May-2017 09:25:06 UTC] PHP   6. yii\base\InlineAction->runWithParams() /home/ubuntu/workspace/app/vendor/yiisoft/yii2/base/Controller.php:156
[24-May-2017 09:25:06 UTC] PHP   7. call_user_func_array:{/home/ubuntu/workspace/app/vendor/yiisoft/yii2/base/InlineAction.php:57}() /home/ubuntu/workspace/app/vendor/yiisoft/yii2/base/InlineAction.php:57
[24-May-2017 09:25:06 UTC] PHP   8. frontend\controllers\CartController->actionHistory() /home/ubuntu/workspace/app/vendor/yiisoft/yii2/base/InlineAction.php:57
[24-May-2017 09:25:06 UTC] PHP   9. yii\base\Controller->render() /home/ubuntu/workspace/app/frontend/controllers/CartController.php:164
[24-May-2017 09:25:06 UTC] PHP  10. yii\base\View->render() /home/ubuntu/workspace/app/vendor/yiisoft/yii2/base/Controller.php:381
[24-May-2017 09:25:06 UTC] PHP  11. yii\base\View->renderFile() /home/ubuntu/workspace/app/vendor/yiisoft/yii2/base/View.php:152
[24-May-2017 09:25:06 UTC] PHP  12. yii\base\View->renderPhpFile() /home/ubuntu/workspace/app/vendor/yiisoft/yii2/base/View.php:250
[24-May-2017 09:25:06 UTC] PHP  13. require() /home/ubuntu/workspace/app/vendor/yiisoft/yii2/base/View.php:328
[02-Jun-2017 06:27:34 UTC] PHP Parse error:  syntax error, unexpected 'if' (T_IF) in /home/ubuntu/workspace/app/frontend/views/cart/index.php on line 5
[02-Jun-2017 06:27:34 UTC] PHP Stack trace:
[02-Jun-2017 06:27:34 UTC] PHP   1. {main}() /home/ubuntu/workspace/app/frontend/web/index.php:0
[02-Jun-2017 06:27:34 UTC] PHP   2. yii\base\Application->run() /home/ubuntu/workspace/app/frontend/web/index.php:17
[02-Jun-2017 06:27:34 UTC] PHP   3. yii\web\Application->handleRequest() /home/ubuntu/workspace/app/vendor/yiisoft/yii2/base/Application.php:380
[02-Jun-2017 06:27:34 UTC] PHP   4. yii\base\Module->runAction() /home/ubuntu/workspace/app/vendor/yiisoft/yii2/web/Application.php:102
[02-Jun-2017 06:27:34 UTC] PHP   5. yii\base\Controller->runAction() /home/ubuntu/workspace/app/vendor/yiisoft/yii2/base/Module.php:523
[02-Jun-2017 06:27:34 UTC] PHP   6. yii\base\InlineAction->runWithParams() /home/ubuntu/workspace/app/vendor/yiisoft/yii2/base/Controller.php:156
[02-Jun-2017 06:27:34 UTC] PHP   7. call_user_func_array:{/home/ubuntu/workspace/app/vendor/yiisoft/yii2/base/InlineAction.php:57}() /home/ubuntu/workspace/app/vendor/yiisoft/yii2/base/InlineAction.php:57
[02-Jun-2017 06:27:34 UTC] PHP   8. frontend\controllers\CartController->actionIndex() /home/ubuntu/workspace/app/vendor/yiisoft/yii2/base/InlineAction.php:57
[02-Jun-2017 06:27:34 UTC] PHP   9. yii\base\Controller->render() /home/ubuntu/workspace/app/frontend/controllers/CartController.php:59
[02-Jun-2017 06:27:34 UTC] PHP  10. yii\base\View->render() /home/ubuntu/workspace/app/vendor/yiisoft/yii2/base/Controller.php:381
[02-Jun-2017 06:27:34 UTC] PHP  11. yii\base\View->renderFile() /home/ubuntu/workspace/app/vendor/yiisoft/yii2/base/View.php:152
[02-Jun-2017 06:27:34 UTC] PHP  12. yii\base\View->renderPhpFile() /home/ubuntu/workspace/app/vendor/yiisoft/yii2/base/View.php:250
